2019-10-31 10:46:02,046 - test - INFO - **********SSH connect OK**********
2019-10-31 10:46:02,046 - test - INFO - ##########测试固件升级##########
2019-10-31 10:46:02,046 - test - INFO - **********下载最新固件**********
2019-10-31 10:46:02,046 - test - INFO - cd /tmp && tftp -g -l R3_V1.0.1829.dakota_huawei_Debug_20191031.img 192.168.102.2
2019-10-31 10:46:03,703 - test - INFO - ls -al
2019-10-31 10:48:03,809 - test - INFO - **********升级最新固件**********
2019-10-31 10:48:03,809 - test - INFO - sysupgrade /tmp/R3_V1.0.1829.dakota_huawei_Debug_20191031.img
2019-10-31 10:58:51,974 - test - INFO - **********开始Ping设备**********
2019-10-31 10:58:55,047 - test - INFO - ##########测试升级结果##########
2019-10-31 10:58:55,047 - test - INFO - **********检查设备当前版本**********
2019-10-31 10:59:01,755 - test - INFO - **********SSH connect OK**********
2019-10-31 10:59:01,755 - test - INFO - cfg.lua get_version
2019-10-31 10:59:09,446 - test - INFO - **********SSH connect OK**********
2019-10-31 10:59:09,446 - test - INFO - ##########测试端口状态设置##########
2019-10-31 10:59:09,446 - test - INFO - **********设置端口状态**********
2019-10-31 10:59:09,493 - test - INFO - cfg.lua set_apply ethmanage.@e_port[0].enabled_status=1
2019-10-31 10:59:11,287 - test - INFO - cfg.lua get ethmanage.@e_port[0].enabled_status
2019-10-31 10:59:11,521 - test - INFO - ##########测试端口vlan设置##########
2019-10-31 10:59:11,521 - test - INFO - **********设置所有端口VLAN**********
2019-10-31 10:59:11,599 - test - INFO - cfg.lua set_apply network.@interface[3].vlan_id=4094
2019-10-31 10:59:16,279 - test - INFO - cfg.lua set_apply ethmanage.@e_port[0].vlan_id=4094
2019-10-31 10:59:19,929 - test - INFO - cfg.lua set_apply ethmanage.@e_port[1].vlan_id=4094
2019-10-31 10:59:24,516 - test - INFO - ##########测试L2DCN IP地址模式设置##########
2019-10-31 10:59:24,516 - test - INFO - **********设置DCN IP分配方式**********
2019-10-31 10:59:24,609 - test - INFO - cfg.lua set_apply network.@interface[3].proto='static'
2019-10-31 10:59:25,202 - test - INFO - cfg.lua set_apply_t network.@interface[3].ipaddr='129.9.2.205' 0
2019-10-31 10:59:26,887 - test - INFO - cfg.lua get network.@interface[3].proto
2019-10-31 10:59:27,136 - test - INFO - ##########测试以太口带宽设置##########
2019-10-31 10:59:27,136 - test - INFO - **********设置以太DCN带宽**********
2019-10-31 10:59:27,214 - test - INFO - cfg.lua set_apply network.@interface[3].eth_bandwidth=1000
2019-10-31 10:59:27,932 - test - INFO - cfg.lua get network.@interface[3].eth_bandwidth
2019-10-31 10:59:28,291 - test - INFO - ##########测试空口带宽设置##########
2019-10-31 10:59:28,291 - test - INFO - **********设置空口DCN带宽**********
2019-10-31 10:59:28,384 - test - INFO - cfg.lua set_apply network.@interface[3].wifi_bandwidth=1000
2019-10-31 10:59:29,040 - test - INFO - cfg.lua get network.@interface[3].wifi_bandwidth
2019-10-31 10:59:29,336 - test - INFO - ##########测试动态MAC学习容量设置##########
2019-10-31 10:59:29,336 - test - INFO - **********设置DCN动态MAC地址容量**********
2019-10-31 10:59:29,414 - test - INFO - cfg.lua set_apply network.@interface[3].max_mac=100
2019-10-31 10:59:29,913 - test - INFO - cfg.lua get network.@interface[3].max_mac
2019-10-31 10:59:30,225 - test - INFO - ##########测试静态MAC学习容量设置##########
2019-10-31 10:59:30,225 - test - INFO - **********设置DCN静态MAC地址容量**********
2019-10-31 10:59:30,303 - test - INFO - cfg.lua set network.dcn.static_mac=100
2019-10-31 10:59:30,865 - test - INFO - cfg.lua get network.dcn.static_mac
2019-10-31 10:59:31,239 - test - INFO - ##########测试动态MAC老化时间设置##########
2019-10-31 10:59:31,239 - test - INFO - **********设置DCN动态MAC老化时间**********
2019-10-31 10:59:31,364 - test - INFO - cfg.lua set_apply network.@interface[3].age_time=100
2019-10-31 10:59:31,910 - test - INFO - cfg.lua get network.@interface[3].age_time
2019-10-31 10:59:32,222 - test - INFO - ##########测试DCN报文优先级设置##########
2019-10-31 10:59:32,222 - test - INFO - **********设置DCN报文优先级**********
2019-10-31 10:59:32,300 - test - INFO - cfg.lua set_apply network.@interface[3].priority=7
2019-10-31 10:59:33,454 - test - INFO - cfg.lua get network.@interface[3].priority
2019-10-31 10:59:33,969 - test - INFO - ##########测试获取MAC容量##########
2019-10-31 10:59:33,969 - test - INFO - **********查询DCN动态MAC地址容量**********
2019-10-31 10:59:34,063 - test - INFO - cfg.lua get network.@interface[3].max_mac
2019-10-31 10:59:40,849 - test - INFO - **********SSH connect OK**********
2019-10-31 10:59:40,849 - test - INFO - ##########测试使能CFM##########
2019-10-31 10:59:40,849 - test - INFO - **********使能CFM**********
2019-10-31 10:59:40,880 - test - INFO - cfg.lua set cfm.@cfm[0].enable=1
2019-10-31 10:59:41,301 - test - INFO - cfg.lua get cfm.@cfm[0].enable
2019-10-31 10:59:41,551 - test - INFO - ##########测试创建MD##########
2019-10-31 10:59:41,551 - test - INFO - **********创建 CFM MD**********
2019-10-31 10:59:41,629 - test - INFO - uci show cfm | grep -w "@md"|grep MD0 | wc -l
2019-10-31 10:59:41,738 - test - INFO - cfg.lua add cfm md 1
2019-10-31 10:59:42,409 - test - INFO - cfg.lua set cfm.@md[0].md_name=MD0
2019-10-31 10:59:43,048 - test - INFO - cfg.lua set cfm.@md[0].md_level=4
2019-10-31 10:59:43,563 - test - INFO - cfg.lua set cfm.@md[0].md_index=2
2019-10-31 10:59:44,125 - test - INFO - cfg.lua add cfm md 2
2019-10-31 10:59:44,608 - test - INFO - uci show cfm | grep -w "@md"|grep MD0 | wc -l
2019-10-31 10:59:44,733 - test - INFO - ##########测试创建MA##########
2019-10-31 10:59:44,733 - test - INFO - **********创建 CFM MA**********
2019-10-31 10:59:44,811 - test - INFO - uci show cfm | grep -w "@ma"|grep ma_name | wc -l
2019-10-31 10:59:44,952 - test - INFO - cfg.lua add cfm ma 1
2019-10-31 10:59:45,622 - test - INFO - cfg.lua set cfm.@ma[0].md_name=MD0
2019-10-31 10:59:46,246 - test - INFO - cfg.lua set cfm.@ma[0].ma_name=MA0
2019-10-31 10:59:46,870 - test - INFO - cfg.lua set cfm.@ma[0].ma_index=2
2019-10-31 10:59:47,338 - test - INFO - cfg.lua set cfm.@ma[0].service_id=1
2019-10-31 10:59:47,838 - test - INFO - cfg.lua set cfm.@ma[0].cc_period=1000
2019-10-31 10:59:48,399 - test - INFO - cfg.lua set cfm.@ma[0].remote_mep_id=1
2019-10-31 10:59:48,898 - test - INFO - cfg.lua add cfm ma 2
2019-10-31 10:59:49,507 - test - INFO - uci show cfm | grep -w "@ma"|grep MA0 | wc -l
2019-10-31 10:59:49,616 - test - INFO - ##########测试创建MEP##########
2019-10-31 10:59:49,616 - test - INFO - **********创建 CFM MEP**********
2019-10-31 10:59:49,694 - test - INFO - cfg.lua add cfm mep 1
2019-10-31 10:59:50,193 - test - INFO - cfg.lua set cfm.@mep[0].md_name=MD0
2019-10-31 10:59:50,692 - test - INFO - cfg.lua set cfm.@mep[0].ma_name=MA0
2019-10-31 10:59:51,238 - test - INFO - cfg.lua set cfm.@mep[0].port_id=2
2019-10-31 10:59:51,800 - test - INFO - cfg.lua set cfm.@mep[0].mep_id=2
2019-10-31 10:59:52,346 - test - INFO - cfg.lua set cfm.@mep[0].cc_status='1'
2019-10-31 10:59:52,861 - test - INFO - cfg.lua set cfm.@mep[0].vlan='2'
2019-10-31 10:59:53,391 - test - INFO - cfg.lua set cfm.@mep[0].direction=ingress
2019-10-31 10:59:53,875 - test - INFO - cfg.lua add cfm mep 2
2019-10-31 10:59:54,624 - test - INFO - uci show cfm | grep -w "@mep"|grep MA0 | wc -l
2019-10-31 10:59:54,748 - test - INFO - ##########测试创建MIP##########
2019-10-31 10:59:54,748 - test - INFO - **********创建 CFM MIP**********
2019-10-31 10:59:54,826 - test - INFO - cfg.lua add cfm mip 1
2019-10-31 10:59:55,622 - test - INFO - cfg.lua set cfm.@mip[0].md_name=MD0
2019-10-31 10:59:56,215 - test - INFO - cfg.lua set cfm.@mip[0].port_id=2
2019-10-31 10:59:56,667 - test - INFO - cfg.lua set cfm.@mip[0].mip_id=1
2019-10-31 10:59:57,104 - test - INFO - cfg.lua add cfm mip 2
2019-10-31 10:59:57,697 - test - INFO - uci show cfm | grep -w "@mip"|grep MD0 | wc -l
2019-10-31 10:59:57,822 - test - INFO - ##########测试保存CFM配置##########
2019-10-31 10:59:57,915 - test - INFO - cfg.lua set_apply cfm.@cfm[0].action='1'
2019-10-31 11:00:04,249 - test - INFO - ##########测试CC连通性##########
2019-10-31 11:00:04,249 - test - INFO - **********查看CC状态**********
2019-10-31 11:00:04,280 - test - INFO - cfm_utility -m query
2019-10-31 11:00:04,452 - test - INFO - {
	"mep_list": "<MPID=1 Mac=54:41:ab:d0:91:e8 Status=Link Up>",
	"fdb_list": "<Mac=54:41:AB:D0:91:E8 MEPID=1 Port_name=ath1 Vlan=2 LastTime=551 Survival_time=586>",
	"local_mep_list": "<PortName=eth0 md=MD0 ma=MA0 mpid=2 rmpid=1 level=4 Type=MEP Vlan=2 cc_enable=True cc_interval=1000 micro secs>",
	"local_mip_list": "<PortName=eth0 md=MD0 mpid=1 level=4 Type=MIP>",
	"local_mip_Implicitly_list": "<PortName=eth1 md=MD0 ma=MA0 level=4 Type=MIP_Implicitly Vlan=2><PortName=ath1 md=MD0 ma=MA0 level=4 Type=MIP_Implicitly Vlan=2>",
	"local_mip_Background_list": "<PortName=eth0 md=E_Lan_Line_dcn ma=E_Lan_Line_dcn level=4 Type=MIP_Background Vlan=4094><PortName=eth1 md=E_Lan_Line_dcn ma=E_Lan_Line_dcn level=4 Type=MIP_Background Vlan=4094><PortName=ath1 md=E_Lan_Line_dcn ma=E_Lan_Line_dcn level=4 Type=MIP_Background Vlan=4094><PortName=eth0 md=E_Lan_Line_1d ma=E_Lan_Line_1d level=4 Type=MIP_Background Vlan=1><PortName=eth1 md=E_Lan_Line_1d ma=E_Lan_Line_1d level=4 Type=MIP_Background Vlan=1><PortName=ath1 md=E_Lan_Line_1d ma=E_Lan_Line_1d level=4 Type=MIP_Background Vlan=1>",
	"status_code": 0
}

2019-10-31 11:00:04,452 - test - INFO - ##########LB 测试##########
2019-10-31 11:00:04,452 - test - INFO - **********开始LB测试**********
2019-10-31 11:00:04,530 - test - INFO - cfm_utility -m lb -i 2 1
2019-10-31 11:00:06,277 - test - INFO - 64 bytes from 54:41:ab:d0:91:e8, sequence 53172403, 88 ms
64 bytes from 54:41:ab:d0:91:e8, sequence 53172404, 95 ms
64 bytes from 54:41:ab:d0:91:e8, sequence 53172405, 92 ms
64 bytes from 54:41:ab:d0:91:e8, sequence 53172406, 98 ms
64 bytes from 54:41:ab:d0:91:e8, sequence 53172407, 106 ms
----LB STATISTIC INFORMATION----
MDIndex:	 2
MAIndex:	 2
MEPID:	 2
Sink Type:	 MP Mac Address
Sink MP MAC:	 54:41:AB:D0:91:E8
SendNum:	 5
ReceiveNum:	 5
LossRate:	 0
MinTimeDelay(ms):	 88
MaxTimeDelay(ms):	 106
AverageTimeDelay(ms):	 95

2019-10-31 11:00:06,277 - test - INFO - ##########LT 测试##########
2019-10-31 11:00:06,277 - test - INFO - **********开始LT测试**********
2019-10-31 11:00:06,386 - test - INFO - cfm_utility -m lt -i 2 1

2019-10-31 11:00:07,915 - test - INFO - Sending CFM LTM probe to 54:41:AB:D0:91:E8 By ath1 ttl 255: LTM with id 224177033
	reply from 54:41:ab:d0:91:e8, id=224177033, ttl=254, RlyHit

2019-10-31 11:00:07,915 - test - INFO - ##########测试查看CFM配置##########
2019-10-31 11:00:07,915 - test - INFO - **********查看CFM配置**********
2019-10-31 11:00:07,993 - test - INFO - uci show cfm
2019-10-31 11:00:14,732 - test - INFO - **********SSH connect OK**********
2019-10-31 11:00:14,732 - test - INFO - ##########测试无线连接状态##########
2019-10-31 11:00:14,732 - test - INFO - **********查看无线连接情况**********
2019-10-31 11:00:14,779 - test - INFO - cfg.lua get_connected_ap | grep 9c:b7:93 | wc -l
2019-10-31 11:00:22,158 - test - INFO - **********SSH connect OK**********
2019-10-31 11:00:22,158 - test - INFO - ##########测试新增只读用户##########
2019-10-31 11:00:22,158 - test - INFO - **********增加只读账户**********
2019-10-31 11:00:22,189 - test - INFO - cfg.lua show usermanage | grep =user_cfg | wc -l
2019-10-31 11:00:22,423 - test - INFO - cfg.lua add usermanage user_cfg
2019-10-31 11:00:23,000 - test - INFO - cfg.lua set usermanage.@user_cfg[3].user_level='0' 
2019-10-31 11:00:23,827 - test - INFO - cfg.lua set usermanage.@user_cfg[3].password='Changeme_123' 
2019-10-31 11:00:24,685 - test - INFO - cfg.lua set_apply_t usermanage.@user_cfg[3].user_name='lct2' 1
2019-10-31 11:00:25,543 - test - INFO - cfg.lua show usermanage | grep lct2
2019-10-31 11:00:25,855 - test - INFO - ##########测试新增管理员用户##########
2019-10-31 11:00:25,855 - test - INFO - **********增加管理员账户**********
2019-10-31 11:00:25,933 - test - INFO - cfg.lua show usermanage | grep =user_cfg | wc -l
2019-10-31 11:00:26,229 - test - INFO - cfg.lua add usermanage user_cfg
2019-10-31 11:00:27,118 - test - INFO - cfg.lua set usermanage.@user_cfg[3].user_level='1' 
2019-10-31 11:00:28,117 - test - INFO - cfg.lua set usermanage.@user_cfg[3].password='Changeme_123' 
2019-10-31 11:00:28,944 - test - INFO - cfg.lua set_apply_t usermanage.@user_cfg[3].user_name='lct3' 1
2019-10-31 11:00:43,888 - test - INFO - cfg.lua show usermanage | grep lct3
2019-10-31 11:00:44,138 - test - INFO - ##########测试删除用户##########
2019-10-31 11:00:44,138 - test - INFO - **********删除指定账户**********
2019-10-31 11:00:44,232 - test - INFO - uci show usermanage | grep -w "@user_cfg" | grep user_name | grep lct3 | cut -d'[' -f2 | cut -d']' -f1 | awk '{system("cfg.lua del usermanage @user_cfg["$0"] 2")}'
2019-10-31 11:00:46,041 - test - INFO - cfg.lua show usermanage | grep lct3
2019-10-31 11:00:46,322 - test - INFO - ##########测试用户登录##########
2019-10-31 11:00:46,322 - test - INFO - **********SSH disconnect OK**********
2019-10-31 11:00:53,373 - test - INFO - **********SSH connect OK**********
