2019-11-01 09:05:23,671 - test - INFO - **********SSH connect OK**********
2019-11-01 09:05:23,671 - test - INFO - ##########测试固件升级##########
2019-11-01 09:05:23,671 - test - INFO - **********下载最新固件**********
2019-11-01 09:05:23,671 - test - INFO - cd /tmp && tftp -g -l R3_V1.0.1834.dakota_huawei_Debug_20191101.img 192.168.102.2
2019-11-01 09:05:25,777 - test - INFO - ls -al
2019-11-01 09:07:25,897 - test - INFO - **********升级最新固件**********
2019-11-01 09:07:25,897 - test - INFO - sysupgrade /tmp/R3_V1.0.1834.dakota_huawei_Debug_20191101.img
2019-11-01 09:18:12,846 - test - INFO - **********开始Ping设备**********
2019-11-01 09:18:15,919 - test - INFO - ##########测试升级结果##########
2019-11-01 09:18:15,919 - test - INFO - **********检查设备当前版本**********
2019-11-01 09:18:22,736 - test - INFO - **********SSH connect OK**********
2019-11-01 09:18:22,736 - test - INFO - cfg.lua get_version
2019-11-01 09:18:30,474 - test - INFO - **********SSH connect OK**********
2019-11-01 09:18:30,474 - test - INFO - ##########测试端口状态设置##########
2019-11-01 09:18:30,474 - test - INFO - **********设置端口状态**********
2019-11-01 09:18:30,521 - test - INFO - cfg.lua set_apply ethmanage.@e_port[0].enabled_status=1
2019-11-01 09:18:32,190 - test - INFO - cfg.lua get ethmanage.@e_port[0].enabled_status
2019-11-01 09:18:32,455 - test - INFO - ##########测试端口vlan设置##########
2019-11-01 09:18:32,455 - test - INFO - **********设置所有端口VLAN**********
2019-11-01 09:18:32,580 - test - INFO - cfg.lua set_apply network.@interface[3].vlan_id=4094
2019-11-01 09:18:36,339 - test - INFO - cfg.lua set_apply ethmanage.@e_port[0].vlan_id=4094
2019-11-01 09:18:40,645 - test - INFO - cfg.lua set_apply ethmanage.@e_port[1].vlan_id=4094
2019-11-01 09:18:45,216 - test - INFO - ##########测试L2DCN IP地址模式设置##########
2019-11-01 09:18:45,216 - test - INFO - **********设置DCN IP分配方式**********
2019-11-01 09:18:45,309 - test - INFO - cfg.lua set_apply network.@interface[3].proto='static'
2019-11-01 09:18:45,777 - test - INFO - cfg.lua set_apply_t network.@interface[3].ipaddr='129.9.2.205' 0
2019-11-01 09:18:47,337 - test - INFO - cfg.lua get network.@interface[3].proto
2019-11-01 09:18:47,649 - test - INFO - ##########测试以太口带宽设置##########
2019-11-01 09:18:47,649 - test - INFO - **********设置以太DCN带宽**********
2019-11-01 09:18:47,727 - test - INFO - cfg.lua set_apply network.@interface[3].eth_bandwidth=1000
2019-11-01 09:18:48,663 - test - INFO - cfg.lua get network.@interface[3].eth_bandwidth
2019-11-01 09:18:48,991 - test - INFO - ##########测试空口带宽设置##########
2019-11-01 09:18:48,991 - test - INFO - **********设置空口DCN带宽**********
2019-11-01 09:18:49,085 - test - INFO - cfg.lua set_apply network.@interface[3].wifi_bandwidth=1000
2019-11-01 09:18:49,740 - test - INFO - cfg.lua get network.@interface[3].wifi_bandwidth
2019-11-01 09:18:50,036 - test - INFO - ##########测试动态MAC学习容量设置##########
2019-11-01 09:18:50,036 - test - INFO - **********设置DCN动态MAC地址容量**********
2019-11-01 09:18:50,130 - test - INFO - cfg.lua set_apply network.@interface[3].max_mac=100
2019-11-01 09:18:50,645 - test - INFO - cfg.lua get network.@interface[3].max_mac
2019-11-01 09:18:50,988 - test - INFO - ##########测试静态MAC学习容量设置##########
2019-11-01 09:18:50,988 - test - INFO - **********设置DCN静态MAC地址容量**********
2019-11-01 09:18:51,066 - test - INFO - cfg.lua set network.dcn.static_mac=100
2019-11-01 09:18:51,659 - test - INFO - cfg.lua get network.dcn.static_mac
2019-11-01 09:18:51,986 - test - INFO - ##########测试动态MAC老化时间设置##########
2019-11-01 09:18:51,986 - test - INFO - **********设置DCN动态MAC老化时间**********
2019-11-01 09:18:52,080 - test - INFO - cfg.lua set_apply network.@interface[3].age_time=100
2019-11-01 09:18:52,657 - test - INFO - cfg.lua get network.@interface[3].age_time
2019-11-01 09:18:52,938 - test - INFO - ##########测试DCN报文优先级设置##########
2019-11-01 09:18:52,938 - test - INFO - **********设置DCN报文优先级**********
2019-11-01 09:18:53,016 - test - INFO - cfg.lua set_apply network.@interface[3].priority=7
2019-11-01 09:18:54,279 - test - INFO - cfg.lua get network.@interface[3].priority
2019-11-01 09:18:54,607 - test - INFO - ##########测试获取MAC容量##########
2019-11-01 09:18:54,607 - test - INFO - **********查询DCN动态MAC地址容量**********
2019-11-01 09:18:54,685 - test - INFO - cfg.lua get network.@interface[3].max_mac
2019-11-01 09:19:01,377 - test - INFO - **********SSH connect OK**********
2019-11-01 09:19:01,377 - test - INFO - ##########测试使能CFM##########
2019-11-01 09:19:01,377 - test - INFO - **********使能CFM**********
2019-11-01 09:19:01,424 - test - INFO - cfg.lua set cfm.@cfm[0].enable=1
2019-11-01 09:19:01,908 - test - INFO - cfg.lua get cfm.@cfm[0].enable
2019-11-01 09:19:02,220 - test - INFO - ##########测试创建MD##########
2019-11-01 09:19:02,220 - test - INFO - **********创建 CFM MD**********
2019-11-01 09:19:02,298 - test - INFO - uci show cfm | grep -w "@md"|grep MD0 | wc -l
2019-11-01 09:19:02,423 - test - INFO - cfg.lua add cfm md 1
2019-11-01 09:19:03,109 - test - INFO - cfg.lua set cfm.@md[0].md_name=MD0
2019-11-01 09:19:03,686 - test - INFO - cfg.lua set cfm.@md[0].md_level=4
2019-11-01 09:19:04,201 - test - INFO - cfg.lua set cfm.@md[0].md_index=2
2019-11-01 09:19:04,669 - test - INFO - cfg.lua add cfm md 2
2019-11-01 09:19:05,277 - test - INFO - uci show cfm | grep -w "@md"|grep MD0 | wc -l
2019-11-01 09:19:05,402 - test - INFO - ##########测试创建MA##########
2019-11-01 09:19:05,402 - test - INFO - **********创建 CFM MA**********
2019-11-01 09:19:05,496 - test - INFO - uci show cfm | grep -w "@ma"|grep ma_name | wc -l
2019-11-01 09:19:05,621 - test - INFO - cfg.lua add cfm ma 1
2019-11-01 09:19:06,432 - test - INFO - cfg.lua set cfm.@ma[0].md_name=MD0
2019-11-01 09:19:06,947 - test - INFO - cfg.lua set cfm.@ma[0].ma_name=MA0
2019-11-01 09:19:07,352 - test - INFO - cfg.lua set cfm.@ma[0].ma_index=2
2019-11-01 09:19:07,773 - test - INFO - cfg.lua set cfm.@ma[0].service_id=1
2019-11-01 09:19:08,428 - test - INFO - cfg.lua set cfm.@ma[0].cc_period=1000
2019-11-01 09:19:08,922 - test - INFO - cfg.lua set cfm.@ma[0].remote_mep_id=1
2019-11-01 09:19:09,548 - test - INFO - cfg.lua add cfm ma 2
2019-11-01 09:19:10,148 - test - INFO - uci show cfm | grep -w "@ma"|grep MA0 | wc -l
2019-11-01 09:19:10,291 - test - INFO - ##########测试创建MEP##########
2019-11-01 09:19:10,291 - test - INFO - **********创建 CFM MEP**********
2019-11-01 09:19:10,377 - test - INFO - cfg.lua add cfm mep 1
2019-11-01 09:19:11,005 - test - INFO - cfg.lua set cfm.@mep[0].md_name=MD0
2019-11-01 09:19:11,593 - test - INFO - cfg.lua set cfm.@mep[0].ma_name=MA0
2019-11-01 09:19:12,187 - test - INFO - cfg.lua set cfm.@mep[0].port_id=2
2019-11-01 09:19:12,795 - test - INFO - cfg.lua set cfm.@mep[0].mep_id=2
2019-11-01 09:19:13,281 - test - INFO - cfg.lua set cfm.@mep[0].cc_status='1'
2019-11-01 09:19:13,765 - test - INFO - cfg.lua set cfm.@mep[0].vlan='2'
2019-11-01 09:19:14,340 - test - INFO - cfg.lua set cfm.@mep[0].direction=ingress
2019-11-01 09:19:14,890 - test - INFO - cfg.lua add cfm mep 2
2019-11-01 09:19:15,561 - test - INFO - uci show cfm | grep -w "@mep"|grep MA0 | wc -l
2019-11-01 09:19:15,685 - test - INFO - ##########测试创建MIP##########
2019-11-01 09:19:15,685 - test - INFO - **********创建 CFM MIP**********
2019-11-01 09:19:15,779 - test - INFO - cfg.lua add cfm mip 1
2019-11-01 09:19:16,419 - test - INFO - cfg.lua set cfm.@mip[0].md_name=MD0
2019-11-01 09:19:16,918 - test - INFO - cfg.lua set cfm.@mip[0].port_id=2
2019-11-01 09:19:17,308 - test - INFO - cfg.lua set cfm.@mip[0].mip_id=1
2019-11-01 09:19:17,760 - test - INFO - cfg.lua add cfm mip 2
2019-11-01 09:19:18,306 - test - INFO - uci show cfm | grep -w "@mip"|grep MD0 | wc -l
2019-11-01 09:19:18,415 - test - INFO - ##########测试保存CFM配置##########
2019-11-01 09:19:18,493 - test - INFO - cfg.lua set_apply cfm.@cfm[0].action='1'
2019-11-01 09:19:24,577 - test - INFO - ##########测试CC连通性##########
2019-11-01 09:19:24,577 - test - INFO - **********查看CC状态**********
2019-11-01 09:19:24,609 - test - INFO - cfm_utility -m query
2019-11-01 09:19:24,780 - test - INFO - {
	"mep_list": "<MPID=1 Mac=54:41:ab:d0:91:e8 Status=Link Up>",
	"fdb_list": "<Mac=54:41:AB:D0:91:E8 MEPID=1 Port_name=ath1 Vlan=2 LastTime=553 Survival_time=588>",
	"local_mep_list": "<PortName=eth0 md=MD0 ma=MA0 mpid=2 rmpid=1 level=4 Type=MEP Vlan=2 cc_enable=True cc_interval=1000 micro secs>",
	"local_mip_list": "<PortName=eth0 md=MD0 mpid=1 level=4 Type=MIP>",
	"local_mip_Implicitly_list": "<PortName=eth1 md=MD0 ma=MA0 level=4 Type=MIP_Implicitly Vlan=2><PortName=ath1 md=MD0 ma=MA0 level=4 Type=MIP_Implicitly Vlan=2>",
	"local_mip_Background_list": "<PortName=eth0 md=E_Lan_Line_dcn ma=E_Lan_Line_dcn level=4 Type=MIP_Background Vlan=4094><PortName=eth1 md=E_Lan_Line_dcn ma=E_Lan_Line_dcn level=4 Type=MIP_Background Vlan=4094><PortName=ath1 md=E_Lan_Line_dcn ma=E_Lan_Line_dcn level=4 Type=MIP_Background Vlan=4094><PortName=eth0 md=E_Lan_Line_1d ma=E_Lan_Line_1d level=4 Type=MIP_Background Vlan=1><PortName=eth1 md=E_Lan_Line_1d ma=E_Lan_Line_1d level=4 Type=MIP_Background Vlan=1><PortName=ath1 md=E_Lan_Line_1d ma=E_Lan_Line_1d level=4 Type=MIP_Background Vlan=1>",
	"status_code": 0
}

2019-11-01 09:19:24,780 - test - INFO - ##########LB 测试##########
2019-11-01 09:19:24,780 - test - INFO - **********开始LB测试**********
2019-11-01 09:19:24,874 - test - INFO - cfm_utility -m lb -i 2 1
2019-11-01 09:19:26,527 - test - INFO - 64 bytes from 54:41:ab:d0:91:e8, sequence 95514197, 90 ms
64 bytes from 54:41:ab:d0:91:e8, sequence 95514198, 106 ms
64 bytes from 54:41:ab:d0:91:e8, sequence 95514199, 100 ms
64 bytes from 54:41:ab:d0:91:e8, sequence 95514200, 96 ms
64 bytes from 54:41:ab:d0:91:e8, sequence 95514201, 99 ms
----LB STATISTIC INFORMATION----
MDIndex:	 2
MAIndex:	 2
MEPID:	 2
Sink Type:	 MP Mac Address
Sink MP MAC:	 54:41:AB:D0:91:E8
SendNum:	 5
ReceiveNum:	 5
LossRate:	 0
MinTimeDelay(ms):	 90
MaxTimeDelay(ms):	 106
AverageTimeDelay(ms):	 98

2019-11-01 09:19:26,527 - test - INFO - ##########LT 测试##########
2019-11-01 09:19:26,527 - test - INFO - **********开始LT测试**********
2019-11-01 09:19:26,621 - test - INFO - cfm_utility -m lt -i 2 1

2019-11-01 09:19:28,197 - test - INFO - Sending CFM LTM probe to 54:41:AB:D0:91:E8 By ath1 ttl 255: LTM with id 244419476
	reply from 54:41:ab:d0:91:e8, id=244419476, ttl=254, RlyHit

2019-11-01 09:19:28,197 - test - INFO - ##########测试查看CFM配置##########
2019-11-01 09:19:28,197 - test - INFO - **********查看CFM配置**********
2019-11-01 09:19:28,275 - test - INFO - uci show cfm
2019-11-01 09:19:35,092 - test - INFO - **********SSH connect OK**********
2019-11-01 09:19:35,092 - test - INFO - ##########测试无线连接状态##########
2019-11-01 09:19:35,092 - test - INFO - **********查看无线连接情况**********
2019-11-01 09:19:35,139 - test - INFO - cfg.lua get_connected_ap | grep 9c:b7:93 | wc -l
2019-11-01 09:19:42,096 - test - INFO - **********SSH connect OK**********
2019-11-01 09:19:42,096 - test - INFO - ##########测试新增只读用户##########
2019-11-01 09:19:42,096 - test - INFO - **********增加只读账户**********
2019-11-01 09:19:42,127 - test - INFO - cfg.lua show usermanage | grep =user_cfg | wc -l
2019-11-01 09:19:42,377 - test - INFO - cfg.lua add usermanage user_cfg
2019-11-01 09:19:43,141 - test - INFO - cfg.lua set usermanage.@user_cfg[3].user_level='0' 
2019-11-01 09:19:44,124 - test - INFO - cfg.lua set usermanage.@user_cfg[3].password='Changeme_123' 
2019-11-01 09:19:45,138 - test - INFO - cfg.lua set_apply_t usermanage.@user_cfg[3].user_name='lct2' 1
2019-11-01 09:19:46,043 - test - INFO - cfg.lua show usermanage | grep lct2
2019-11-01 09:19:46,324 - test - INFO - ##########测试新增管理员用户##########
2019-11-01 09:19:46,324 - test - INFO - **********增加管理员账户**********
2019-11-01 09:19:46,402 - test - INFO - cfg.lua show usermanage | grep =user_cfg | wc -l
2019-11-01 09:19:46,729 - test - INFO - cfg.lua add usermanage user_cfg
2019-11-01 09:19:47,587 - test - INFO - cfg.lua set usermanage.@user_cfg[3].user_level='1' 
2019-11-01 09:19:48,461 - test - INFO - cfg.lua set usermanage.@user_cfg[3].password='Changeme_123' 
2019-11-01 09:19:49,335 - test - INFO - cfg.lua set_apply_t usermanage.@user_cfg[3].user_name='lct3' 1
2019-11-01 09:20:02,766 - test - INFO - cfg.lua show usermanage | grep lct3
2019-11-01 09:20:03,047 - test - INFO - ##########测试删除用户##########
2019-11-01 09:20:03,047 - test - INFO - **********删除指定账户**********
2019-11-01 09:20:03,141 - test - INFO - uci show usermanage | grep -w "@user_cfg" | grep user_name | grep lct3 | cut -d'[' -f2 | cut -d']' -f1 | awk '{system("cfg.lua del usermanage @user_cfg["$0"] 2")}'
2019-11-01 09:20:04,436 - test - INFO - cfg.lua show usermanage | grep lct3
2019-11-01 09:20:04,763 - test - INFO - ##########测试用户登录##########
2019-11-01 09:20:04,763 - test - INFO - **********SSH disconnect OK**********
2019-11-01 09:20:11,970 - test - INFO - **********SSH connect OK**********
